<?xml version="1.0" encoding="UTF-8"?>
<testng-results ignored="0" total="4" passed="3" failed="1" skipped="0">
  <reporter-output>
  </reporter-output>
  <suite started-at="2023-11-02T00:03:16 IST" name="Suite" finished-at="2023-11-02T00:04:18 IST" duration-ms="62453">
    <groups>
      <group name="ErrorHandeling">
        <method signature="FrameworkBuilding.orderSubmit(java.util.HashMap)[pri:0, instance:SeleniumFramework.Tests.FrameworkBuilding@6c4906d3]" name="orderSubmit" class="SeleniumFramework.Tests.FrameworkBuilding"/>
        <method signature="ErrorValidation.LoginErrorValidation()[pri:0, instance:SeleniumFramework.Tests.ErrorValidation@5c86a017]" name="LoginErrorValidation" class="SeleniumFramework.Tests.ErrorValidation"/>
      </group> <!-- ErrorHandeling -->
      <group name="Purchases">
        <method signature="FrameworkBuilding.orderSubmit(java.util.HashMap)[pri:0, instance:SeleniumFramework.Tests.FrameworkBuilding@6c4906d3]" name="orderSubmit" class="SeleniumFramework.Tests.FrameworkBuilding"/>
      </group> <!-- Purchases -->
    </groups>
    <test started-at="2023-11-02T00:03:16 IST" name="FrameworkBuilding" finished-at="2023-11-02T00:04:07 IST" duration-ms="51491">
      <class name="SeleniumFramework.Tests.FrameworkBuilding">
        <test-method is-config="true" signature="LandingPage()[pri:0, instance:SeleniumFramework.Tests.FrameworkBuilding@6c4906d3]" started-at="2023-11-02T00:03:16 IST" name="LandingPage" finished-at="2023-11-02T00:03:29 IST" duration-ms="12388" status="PASS">
          <reporter-output>
          </reporter-output>
        </test-method> <!-- LandingPage -->
        <test-method signature="orderSubmit(java.util.HashMap)[pri:0, instance:SeleniumFramework.Tests.FrameworkBuilding@6c4906d3]" started-at="2023-11-02T00:03:29 IST" name="orderSubmit" data-provider="getData" finished-at="2023-11-02T00:03:46 IST" duration-ms="17098" status="PASS">
          <params>
            <param index="0">
              <value>
                <![CDATA[{ProductName=ADIDAS ORIGINAL, UserName=aamir@selenium.com, Password=Selenium@123}]]>
              </value>
            </param>
          </params>
          <reporter-output>
          </reporter-output>
        </test-method> <!-- orderSubmit -->
        <test-method is-config="true" signature="closeBrowser()[pri:0, instance:SeleniumFramework.Tests.FrameworkBuilding@6c4906d3]" started-at="2023-11-02T00:03:46 IST" name="closeBrowser" finished-at="2023-11-02T00:03:46 IST" duration-ms="272" status="PASS">
          <reporter-output>
          </reporter-output>
        </test-method> <!-- closeBrowser -->
        <test-method is-config="true" signature="LandingPage()[pri:0, instance:SeleniumFramework.Tests.FrameworkBuilding@6c4906d3]" started-at="2023-11-02T00:03:46 IST" name="LandingPage" finished-at="2023-11-02T00:03:54 IST" duration-ms="7851" status="PASS">
          <reporter-output>
          </reporter-output>
        </test-method> <!-- LandingPage -->
        <test-method signature="orderSubmit(java.util.HashMap)[pri:0, instance:SeleniumFramework.Tests.FrameworkBuilding@6c4906d3]" started-at="2023-11-02T00:03:54 IST" name="orderSubmit" data-provider="getData" finished-at="2023-11-02T00:03:58 IST" duration-ms="4313" status="PASS">
          <params>
            <param index="0">
              <value>
                <![CDATA[{ProductName=IPHONE 13 PRO, UserName=aamir@sz.com, Password=@Sz12345}]]>
              </value>
            </param>
          </params>
          <reporter-output>
          </reporter-output>
        </test-method> <!-- orderSubmit -->
        <test-method is-config="true" signature="closeBrowser()[pri:0, instance:SeleniumFramework.Tests.FrameworkBuilding@6c4906d3]" started-at="2023-11-02T00:03:58 IST" name="closeBrowser" finished-at="2023-11-02T00:03:58 IST" duration-ms="138" status="PASS">
          <reporter-output>
          </reporter-output>
        </test-method> <!-- closeBrowser -->
        <test-method is-config="true" signature="LandingPage()[pri:0, instance:SeleniumFramework.Tests.FrameworkBuilding@6c4906d3]" started-at="2023-11-02T00:03:58 IST" name="LandingPage" finished-at="2023-11-02T00:04:06 IST" duration-ms="7083" status="PASS">
          <reporter-output>
          </reporter-output>
        </test-method> <!-- LandingPage -->
        <test-method signature="orderHistory()[pri:0, instance:SeleniumFramework.Tests.FrameworkBuilding@6c4906d3]" started-at="2023-11-02T00:04:06 IST" name="orderHistory" finished-at="2023-11-02T00:04:07 IST" depends-on-methods="SeleniumFramework.Tests.FrameworkBuilding.orderSubmit" duration-ms="1481" status="PASS">
          <reporter-output>
          </reporter-output>
        </test-method> <!-- orderHistory -->
        <test-method is-config="true" signature="closeBrowser()[pri:0, instance:SeleniumFramework.Tests.FrameworkBuilding@6c4906d3]" started-at="2023-11-02T00:04:07 IST" name="closeBrowser" finished-at="2023-11-02T00:04:07 IST" duration-ms="87" status="PASS">
          <reporter-output>
          </reporter-output>
        </test-method> <!-- closeBrowser -->
      </class> <!-- SeleniumFramework.Tests.FrameworkBuilding -->
    </test> <!-- FrameworkBuilding -->
    <test started-at="2023-11-02T00:04:08 IST" name="ErrorValidation" finished-at="2023-11-02T00:04:18 IST" duration-ms="9706">
      <class name="SeleniumFramework.Tests.ErrorValidation">
        <test-method is-config="true" signature="LandingPage()[pri:0, instance:SeleniumFramework.Tests.ErrorValidation@5c86a017]" started-at="2023-11-02T00:04:08 IST" name="LandingPage" finished-at="2023-11-02T00:04:15 IST" duration-ms="6781" status="PASS">
          <reporter-output>
          </reporter-output>
        </test-method> <!-- LandingPage -->
        <test-method signature="LoginErrorValidation()[pri:0, instance:SeleniumFramework.Tests.ErrorValidation@5c86a017]" started-at="2023-11-02T00:04:15 IST" name="LoginErrorValidation" finished-at="2023-11-02T00:04:17 IST" duration-ms="1544" status="FAIL">
          <exception class="java.lang.AssertionError">
            <message>
              <![CDATA[expected [Incorrect email or password.] but found [Incorrect email password.]]]>
            </message>
            <full-stacktrace>
              <![CDATA[java.lang.AssertionError: expected [Incorrect email or password.] but found [Incorrect email password.]
at org.testng.Assert.fail(Assert.java:111)
at org.testng.Assert.failNotEquals(Assert.java:1578)
at org.testng.Assert.assertEqualsImpl(Assert.java:150)
at org.testng.Assert.assertEquals(Assert.java:132)
at org.testng.Assert.assertEquals(Assert.java:656)
at org.testng.Assert.assertEquals(Assert.java:666)
at SeleniumFramework.Tests.ErrorValidation.LoginErrorValidation(ErrorValidation.java:14)
at java.base/jdk.internal.reflect.DirectMethodHandleAccessor.invoke(DirectMethodHandleAccessor.java:104)
at java.base/java.lang.reflect.Method.invoke(Method.java:578)
at org.testng.internal.invokers.MethodInvocationHelper.invokeMethod(MethodInvocationHelper.java:139)
at org.testng.internal.invokers.TestInvoker.invokeMethod(TestInvoker.java:664)
at org.testng.internal.invokers.TestInvoker.invokeTestMethod(TestInvoker.java:227)
at org.testng.internal.invokers.MethodRunner.runInSequence(MethodRunner.java:50)
at org.testng.internal.invokers.TestInvoker$MethodInvocationAgent.invoke(TestInvoker.java:957)
at org.testng.internal.invokers.TestInvoker.invokeTestMethods(TestInvoker.java:200)
at org.testng.internal.invokers.TestMethodWorker.invokeTestMethods(TestMethodWorker.java:148)
at org.testng.internal.invokers.TestMethodWorker.run(TestMethodWorker.java:128)
at java.base/java.util.ArrayList.forEach(ArrayList.java:1511)
at org.testng.TestRunner.privateRun(TestRunner.java:848)
at org.testng.TestRunner.run(TestRunner.java:621)
at org.testng.SuiteRunner.runTest(SuiteRunner.java:443)
at org.testng.SuiteRunner.runSequentially(SuiteRunner.java:437)
at org.testng.SuiteRunner.privateRun(SuiteRunner.java:397)
at org.testng.SuiteRunner.run(SuiteRunner.java:336)
at org.testng.SuiteRunnerWorker.runSuite(SuiteRunnerWorker.java:52)
at org.testng.SuiteRunnerWorker.run(SuiteRunnerWorker.java:95)
at org.testng.TestNG.runSuitesSequentially(TestNG.java:1280)
at org.testng.TestNG.runSuitesLocally(TestNG.java:1200)
at org.testng.TestNG.runSuites(TestNG.java:1114)
at org.testng.TestNG.run(TestNG.java:1082)
at org.apache.maven.surefire.testng.TestNGExecutor.run(TestNGExecutor.java:308)
at org.apache.maven.surefire.testng.TestNGXmlTestSuite.execute(TestNGXmlTestSuite.java:71)
at org.apache.maven.surefire.testng.TestNGProvider.invoke(TestNGProvider.java:113)
at org.apache.maven.surefire.booter.ForkedBooter.runSuitesInProcess(ForkedBooter.java:385)
at org.apache.maven.surefire.booter.ForkedBooter.execute(ForkedBooter.java:162)
at org.apache.maven.surefire.booter.ForkedBooter.run(ForkedBooter.java:507)
at org.apache.maven.surefire.booter.ForkedBooter.main(ForkedBooter.java:495)
]]>
            </full-stacktrace>
          </exception> <!-- java.lang.AssertionError -->
          <reporter-output>
          </reporter-output>
        </test-method> <!-- LoginErrorValidation -->
        <test-method is-config="true" signature="closeBrowser()[pri:0, instance:SeleniumFramework.Tests.ErrorValidation@5c86a017]" started-at="2023-11-02T00:04:18 IST" name="closeBrowser" finished-at="2023-11-02T00:04:18 IST" duration-ms="315" status="PASS">
          <reporter-output>
          </reporter-output>
        </test-method> <!-- closeBrowser -->
      </class> <!-- SeleniumFramework.Tests.ErrorValidation -->
    </test> <!-- ErrorValidation -->
  </suite> <!-- Suite -->
</testng-results>
