<?xml version="1.0" encoding="UTF-8"?>
<testng-results retried="1" ignored="1" total="5" passed="2" failed="1" skipped="0">
  <reporter-output>
  </reporter-output>
  <suite started-at="2023-11-01T16:46:18 IST" name="Suite" finished-at="2023-11-01T16:47:13 IST" duration-ms="54559">
    <groups>
      <group name="ErrorHandeling">
        <method signature="FrameworkBuilding.orderSubmit(java.util.HashMap)[pri:0, instance:SeleniumFramework.Tests.FrameworkBuilding@5be1d0a4]" name="orderSubmit" class="SeleniumFramework.Tests.FrameworkBuilding"/>
        <method signature="ErrorValidation.LoginErrorValidation()[pri:0, instance:SeleniumFramework.Tests.ErrorValidation@7de62196]" name="LoginErrorValidation" class="SeleniumFramework.Tests.ErrorValidation"/>
      </group> <!-- ErrorHandeling -->
      <group name="Purchases">
        <method signature="FrameworkBuilding.orderSubmit(java.util.HashMap)[pri:0, instance:SeleniumFramework.Tests.FrameworkBuilding@5be1d0a4]" name="orderSubmit" class="SeleniumFramework.Tests.FrameworkBuilding"/>
      </group> <!-- Purchases -->
    </groups>
    <test started-at="2023-11-01T16:46:18 IST" name="ErrorValidation" finished-at="2023-11-01T16:46:38 IST" duration-ms="20129">
      <class name="SeleniumFramework.Tests.ErrorValidation">
        <test-method is-config="true" signature="LandingPage()[pri:0, instance:SeleniumFramework.Tests.ErrorValidation@7de62196]" started-at="2023-11-01T16:46:18 IST" name="LandingPage" finished-at="2023-11-01T16:46:35 IST" duration-ms="16379" status="PASS">
          <reporter-output>
          </reporter-output>
        </test-method> <!-- LandingPage -->
        <test-method signature="LoginErrorValidation()[pri:0, instance:SeleniumFramework.Tests.ErrorValidation@7de62196]" started-at="2023-11-01T16:46:35 IST" name="LoginErrorValidation" finished-at="2023-11-01T16:46:36 IST" duration-ms="1393" status="FAIL">
          <exception class="java.lang.AssertionError">
            <message>
              <![CDATA[expected [Incorrect email or password.] but found [Incorrect email password.]]]>
            </message>
            <full-stacktrace>
              <![CDATA[java.lang.AssertionError: expected [Incorrect email or password.] but found [Incorrect email password.]
at org.testng.Assert.fail(Assert.java:111)
at org.testng.Assert.failNotEquals(Assert.java:1578)
at org.testng.Assert.assertEqualsImpl(Assert.java:150)
at org.testng.Assert.assertEquals(Assert.java:132)
at org.testng.Assert.assertEquals(Assert.java:656)
at org.testng.Assert.assertEquals(Assert.java:666)
at SeleniumFramework.Tests.ErrorValidation.LoginErrorValidation(ErrorValidation.java:14)
at java.base/jdk.internal.reflect.DirectMethodHandleAccessor.invoke(DirectMethodHandleAccessor.java:104)
at java.base/java.lang.reflect.Method.invoke(Method.java:578)
at org.testng.internal.invokers.MethodInvocationHelper.invokeMethod(MethodInvocationHelper.java:139)
at org.testng.internal.invokers.TestInvoker.invokeMethod(TestInvoker.java:664)
at org.testng.internal.invokers.TestInvoker.invokeTestMethod(TestInvoker.java:227)
at org.testng.internal.invokers.MethodRunner.runInSequence(MethodRunner.java:50)
at org.testng.internal.invokers.TestInvoker$MethodInvocationAgent.invoke(TestInvoker.java:957)
at org.testng.internal.invokers.TestInvoker.invokeTestMethods(TestInvoker.java:200)
at org.testng.internal.invokers.TestMethodWorker.invokeTestMethods(TestMethodWorker.java:148)
at org.testng.internal.invokers.TestMethodWorker.run(TestMethodWorker.java:128)
at java.base/java.util.ArrayList.forEach(ArrayList.java:1511)
at org.testng.TestRunner.privateRun(TestRunner.java:848)
at org.testng.TestRunner.run(TestRunner.java:621)
at org.testng.SuiteRunner.runTest(SuiteRunner.java:443)
at org.testng.SuiteRunner$SuiteWorker.run(SuiteRunner.java:481)
at org.testng.internal.thread.ThreadUtil.lambda$execute$0(ThreadUtil.java:58)
at java.base/java.util.concurrent.FutureTask.run(FutureTask.java:317)
at java.base/java.util.concurrent.ThreadPoolExecutor.runWorker(ThreadPoolExecutor.java:1144)
at java.base/java.util.concurrent.ThreadPoolExecutor$Worker.run(ThreadPoolExecutor.java:642)
at java.base/java.lang.Thread.run(Thread.java:1623)
]]>
            </full-stacktrace>
          </exception> <!-- java.lang.AssertionError -->
          <reporter-output>
          </reporter-output>
        </test-method> <!-- LoginErrorValidation -->
        <test-method is-config="true" signature="closeBrowser()[pri:0, instance:SeleniumFramework.Tests.ErrorValidation@7de62196]" started-at="2023-11-01T16:46:38 IST" name="closeBrowser" finished-at="2023-11-01T16:46:38 IST" duration-ms="132" status="PASS">
          <reporter-output>
          </reporter-output>
        </test-method> <!-- closeBrowser -->
      </class> <!-- SeleniumFramework.Tests.ErrorValidation -->
    </test> <!-- ErrorValidation -->
    <test started-at="2023-11-01T16:46:18 IST" name="FrameworkBuilding" finished-at="2023-11-01T16:47:13 IST" duration-ms="54559">
      <class name="SeleniumFramework.Tests.FrameworkBuilding">
        <test-method is-config="true" signature="LandingPage()[pri:0, instance:SeleniumFramework.Tests.FrameworkBuilding@5be1d0a4]" started-at="2023-11-01T16:46:19 IST" name="LandingPage" finished-at="2023-11-01T16:46:32 IST" duration-ms="12760" status="PASS">
          <reporter-output>
          </reporter-output>
        </test-method> <!-- LandingPage -->
        <test-method retried="true" signature="orderSubmit(java.util.HashMap)[pri:0, instance:SeleniumFramework.Tests.FrameworkBuilding@5be1d0a4]" started-at="2023-11-01T16:46:32 IST" name="orderSubmit" data-provider="getData" finished-at="2023-11-01T16:46:37 IST" duration-ms="4872" status="SKIP">
          <params>
            <param index="0">
              <value>
                <![CDATA[{ProductName=ADIDAS ORIGINAL, UserName=aamir@selenium.com, Password=Selenium@123}]]>
              </value>
            </param>
          </params>
          <exception class="org.openqa.selenium.ElementClickInterceptedException">
            <message>
              <![CDATA[element click intercepted: Element <button _ngcontent-yyd-c33="" routerlink="/dashboard/cart" class="btn btn-custom" style="margin-top: -10px;" tabindex="0">...</button> is not clickable at point (1280, 27). Other element would receive the click: <div _ngcontent-yyd-c31="" class="ngx-spinner-overlay ng-tns-c31-1 ng-trigger ng-trigger-fadeIn ng-star-inserted ng-animating" style="background-color: rgba(51, 51, 51, 0.8); z-index: 99999; position: fixed;">...</div>
  (Session info: chrome=118.0.5993.118)
Build info: version: '4.13.0', revision: 'ba948ece5b*'
System info: os.name: 'Windows 11', os.arch: 'amd64', os.version: '10.0', java.version: '20.0.2'
Driver info: org.openqa.selenium.chrome.ChromeDriver
Command: [7bade47213e8bfc60d504582abfa67ac, clickElement {id=39771E42A8A3C8478397F02A49055EAA_element_65}]
Capabilities {acceptInsecureCerts: false, browserName: chrome, browserVersion: 118.0.5993.118, chrome: {chromedriverVersion: 118.0.5993.70 (e52f33f30b91..., userDataDir: C:\Users\aamir\AppData\Loca...}, fedcm:accounts: true, goog:chromeOptions: {debuggerAddress: localhost:61216}, networkConnectionEnabled: false, pageLoadStrategy: normal, platformName: windows, proxy: Proxy(), se:cdp: ws://localhost:61216/devtoo..., se:cdpVersion: 118.0.5993.118, setWindowRect: true, strictFileInteractability: false, timeouts: {implicit: 0, pageLoad: 300000, script: 30000}, unhandledPromptBehavior: dismiss and notify, webauthn:extension:credBlob: true, webauthn:extension:largeBlob: true, webauthn:extension:minPinLength: true, webauthn:extension:prf: true, webauthn:virtualAuthenticators: true}
Element: [[ChromeDriver: chrome on windows (7bade47213e8bfc60d504582abfa67ac)] -> xpath: //button[@routerlink='/dashboard/cart']]
Session ID: 7bade47213e8bfc60d504582abfa67ac]]>
            </message>
            <full-stacktrace>
              <![CDATA[org.openqa.selenium.ElementClickInterceptedException: element click intercepted: Element <button _ngcontent-yyd-c33="" routerlink="/dashboard/cart" class="btn btn-custom" style="margin-top: -10px;" tabindex="0">...</button> is not clickable at point (1280, 27). Other element would receive the click: <div _ngcontent-yyd-c31="" class="ngx-spinner-overlay ng-tns-c31-1 ng-trigger ng-trigger-fadeIn ng-star-inserted ng-animating" style="background-color: rgba(51, 51, 51, 0.8); z-index: 99999; position: fixed;">...</div>
  (Session info: chrome=118.0.5993.118)
Build info: version: '4.13.0', revision: 'ba948ece5b*'
System info: os.name: 'Windows 11', os.arch: 'amd64', os.version: '10.0', java.version: '20.0.2'
Driver info: org.openqa.selenium.chrome.ChromeDriver
Command: [7bade47213e8bfc60d504582abfa67ac, clickElement {id=39771E42A8A3C8478397F02A49055EAA_element_65}]
Capabilities {acceptInsecureCerts: false, browserName: chrome, browserVersion: 118.0.5993.118, chrome: {chromedriverVersion: 118.0.5993.70 (e52f33f30b91..., userDataDir: C:\Users\aamir\AppData\Loca...}, fedcm:accounts: true, goog:chromeOptions: {debuggerAddress: localhost:61216}, networkConnectionEnabled: false, pageLoadStrategy: normal, platformName: windows, proxy: Proxy(), se:cdp: ws://localhost:61216/devtoo..., se:cdpVersion: 118.0.5993.118, setWindowRect: true, strictFileInteractability: false, timeouts: {implicit: 0, pageLoad: 300000, script: 30000}, unhandledPromptBehavior: dismiss and notify, webauthn:extension:credBlob: true, webauthn:extension:largeBlob: true, webauthn:extension:minPinLength: true, webauthn:extension:prf: true, webauthn:virtualAuthenticators: true}
Element: [[ChromeDriver: chrome on windows (7bade47213e8bfc60d504582abfa67ac)] -> xpath: //button[@routerlink='/dashboard/cart']]
Session ID: 7bade47213e8bfc60d504582abfa67ac
at java.base/jdk.internal.reflect.DirectConstructorHandleAccessor.newInstance(DirectConstructorHandleAccessor.java:67)
at java.base/java.lang.reflect.Constructor.newInstanceWithCaller(Constructor.java:500)
at java.base/java.lang.reflect.Constructor.newInstance(Constructor.java:484)
at org.openqa.selenium.remote.codec.w3c.W3CHttpResponseCodec.createException(W3CHttpResponseCodec.java:200)
at org.openqa.selenium.remote.codec.w3c.W3CHttpResponseCodec.decode(W3CHttpResponseCodec.java:133)
at org.openqa.selenium.remote.codec.w3c.W3CHttpResponseCodec.decode(W3CHttpResponseCodec.java:52)
at org.openqa.selenium.remote.HttpCommandExecutor.execute(HttpCommandExecutor.java:191)
at org.openqa.selenium.remote.service.DriverCommandExecutor.invokeExecute(DriverCommandExecutor.java:196)
at org.openqa.selenium.remote.service.DriverCommandExecutor.execute(DriverCommandExecutor.java:171)
at org.openqa.selenium.remote.RemoteWebDriver.execute(RemoteWebDriver.java:602)
at org.openqa.selenium.remote.RemoteWebElement.execute(RemoteWebElement.java:224)
at org.openqa.selenium.remote.RemoteWebElement.click(RemoteWebElement.java:77)
at SeleniumFramework.Reusable.AbstractComponents.clickOnCart(AbstractComponents.java:57)
at SeleniumFramework.Tests.FrameworkBuilding.orderSubmit(FrameworkBuilding.java:40)
at java.base/jdk.internal.reflect.DirectMethodHandleAccessor.invoke(DirectMethodHandleAccessor.java:104)
at java.base/java.lang.reflect.Method.invoke(Method.java:578)
at org.testng.internal.invokers.MethodInvocationHelper.invokeMethod(MethodInvocationHelper.java:139)
at org.testng.internal.invokers.TestInvoker.invokeMethod(TestInvoker.java:664)
at org.testng.internal.invokers.TestInvoker.invokeTestMethod(TestInvoker.java:227)
at org.testng.internal.invokers.MethodRunner.runInSequence(MethodRunner.java:50)
at org.testng.internal.invokers.TestInvoker$MethodInvocationAgent.invoke(TestInvoker.java:957)
at org.testng.internal.invokers.TestInvoker.invokeTestMethods(TestInvoker.java:200)
at org.testng.internal.invokers.TestMethodWorker.invokeTestMethods(TestMethodWorker.java:148)
at org.testng.internal.invokers.TestMethodWorker.run(TestMethodWorker.java:128)
at java.base/java.util.ArrayList.forEach(ArrayList.java:1511)
at org.testng.TestRunner.privateRun(TestRunner.java:848)
at org.testng.TestRunner.run(TestRunner.java:621)
at org.testng.SuiteRunner.runTest(SuiteRunner.java:443)
at org.testng.SuiteRunner$SuiteWorker.run(SuiteRunner.java:481)
at org.testng.internal.thread.ThreadUtil.lambda$execute$0(ThreadUtil.java:58)
at java.base/java.util.concurrent.FutureTask.run(FutureTask.java:317)
at java.base/java.util.concurrent.ThreadPoolExecutor.runWorker(ThreadPoolExecutor.java:1144)
at java.base/java.util.concurrent.ThreadPoolExecutor$Worker.run(ThreadPoolExecutor.java:642)
at java.base/java.lang.Thread.run(Thread.java:1623)
]]>
            </full-stacktrace>
          </exception> <!-- org.openqa.selenium.ElementClickInterceptedException -->
          <reporter-output>
          </reporter-output>
        </test-method> <!-- orderSubmit -->
        <test-method is-config="true" signature="closeBrowser()[pri:0, instance:SeleniumFramework.Tests.FrameworkBuilding@5be1d0a4]" started-at="2023-11-01T16:46:37 IST" name="closeBrowser" finished-at="2023-11-01T16:46:37 IST" duration-ms="250" status="PASS">
          <reporter-output>
          </reporter-output>
        </test-method> <!-- closeBrowser -->
        <test-method is-config="true" signature="LandingPage()[pri:0, instance:SeleniumFramework.Tests.FrameworkBuilding@5be1d0a4]" started-at="2023-11-01T16:46:37 IST" name="LandingPage" finished-at="2023-11-01T16:46:43 IST" duration-ms="5907" status="PASS">
          <reporter-output>
          </reporter-output>
        </test-method> <!-- LandingPage -->
        <test-method signature="orderSubmit(java.util.HashMap)[pri:0, instance:SeleniumFramework.Tests.FrameworkBuilding@5be1d0a4]" started-at="2023-11-01T16:46:43 IST" name="orderSubmit" data-provider="getData" finished-at="2023-11-01T16:46:49 IST" duration-ms="5651" status="PASS">
          <params>
            <param index="0">
              <value>
                <![CDATA[{ProductName=ADIDAS ORIGINAL, UserName=aamir@selenium.com, Password=Selenium@123}]]>
              </value>
            </param>
          </params>
          <reporter-output>
          </reporter-output>
        </test-method> <!-- orderSubmit -->
        <test-method is-config="true" signature="closeBrowser()[pri:0, instance:SeleniumFramework.Tests.FrameworkBuilding@5be1d0a4]" started-at="2023-11-01T16:46:49 IST" name="closeBrowser" finished-at="2023-11-01T16:46:49 IST" duration-ms="203" status="PASS">
          <reporter-output>
          </reporter-output>
        </test-method> <!-- closeBrowser -->
        <test-method is-config="true" signature="LandingPage()[pri:0, instance:SeleniumFramework.Tests.FrameworkBuilding@5be1d0a4]" started-at="2023-11-01T16:46:49 IST" name="LandingPage" finished-at="2023-11-01T16:46:55 IST" duration-ms="6467" status="PASS">
          <reporter-output>
          </reporter-output>
        </test-method> <!-- LandingPage -->
        <test-method signature="orderSubmit(java.util.HashMap)[pri:0, instance:SeleniumFramework.Tests.FrameworkBuilding@5be1d0a4]" started-at="2023-11-01T16:46:55 IST" name="orderSubmit" data-provider="getData" finished-at="2023-11-01T16:47:12 IST" duration-ms="17149" status="PASS">
          <params>
            <param index="0">
              <value>
                <![CDATA[{ProductName=IPHONE 13 PRO, UserName=aamir@sz.com, Password=@Sz12345}]]>
              </value>
            </param>
          </params>
          <reporter-output>
          </reporter-output>
        </test-method> <!-- orderSubmit -->
        <test-method is-config="true" signature="closeBrowser()[pri:0, instance:SeleniumFramework.Tests.FrameworkBuilding@5be1d0a4]" started-at="2023-11-01T16:47:12 IST" name="closeBrowser" finished-at="2023-11-01T16:47:13 IST" duration-ms="370" status="PASS">
          <reporter-output>
          </reporter-output>
        </test-method> <!-- closeBrowser -->
      </class> <!-- SeleniumFramework.Tests.FrameworkBuilding -->
    </test> <!-- FrameworkBuilding -->
  </suite> <!-- Suite -->
</testng-results>
